  Coffemachine.cpp
C:\Users\denis\source\repos\dz21.22.23\Coffemachine.h(12,16): warning C4566: символ, представленный универсальным именем символа "\u00CA", невозможно представить в текущей кодовой странице (1251)
C:\Users\denis\source\repos\dz21.22.23\Coffemachine.h(12,16): warning C4566: символ, представленный универсальным именем символа "\u00EE", невозможно представить в текущей кодовой странице (1251)
C:\Users\denis\source\repos\dz21.22.23\Coffemachine.h(12,16): warning C4566: символ, представленный универсальным именем символа "\u00F4", невозможно представить в текущей кодовой странице (1251)
C:\Users\denis\source\repos\dz21.22.23\Coffemachine.h(12,16): warning C4566: символ, представленный универсальным именем символа "\u00E5", невозможно представить в текущей кодовой странице (1251)
C:\Users\denis\source\repos\dz21.22.23\Coffemachine.h(12,16): warning C4566: символ, представленный универсальным именем символа "\u00EC", невозможно представить в текущей кодовой странице (1251)
C:\Users\denis\source\repos\dz21.22.23\Coffemachine.h(12,16): warning C4566: символ, представленный универсальным именем символа "\u00E0", невозможно представить в текущей кодовой странице (1251)
C:\Users\denis\source\repos\dz21.22.23\Coffemachine.h(12,16): warning C4566: символ, представленный универсальным именем символа "\u00F8", невозможно представить в текущей кодовой странице (1251)
C:\Users\denis\source\repos\dz21.22.23\Coffemachine.h(12,16): warning C4566: символ, представленный универсальным именем символа "\u00E8", невозможно представить в текущей кодовой странице (1251)
C:\Users\denis\source\repos\dz21.22.23\Coffemachine.h(12,16): warning C4566: символ, представленный универсальным именем символа "\u00ED", невозможно представить в текущей кодовой странице (1251)
C:\Users\denis\source\repos\dz21.22.23\Coffemachine.h(12,16): warning C4566: символ, представленный универсальным именем символа "\u00F0", невозможно представить в текущей кодовой странице (1251)
C:\Users\denis\source\repos\dz21.22.23\Coffemachine.h(12,16): warning C4566: символ, представленный универсальным именем символа "\u00E1", невозможно представить в текущей кодовой странице (1251)
C:\Users\denis\source\repos\dz21.22.23\Coffemachine.h(12,16): warning C4566: символ, представленный универсальным именем символа "\u00F2", невозможно представить в текущей кодовой странице (1251)
  Computer.cpp
C:\Users\denis\source\repos\dz21.22.23\Computer.h(15,16): warning C4566: символ, представленный универсальным именем символа "\u00CA", невозможно представить в текущей кодовой странице (1251)
C:\Users\denis\source\repos\dz21.22.23\Computer.h(15,16): warning C4566: символ, представленный универсальным именем символа "\u00EE", невозможно представить в текущей кодовой странице (1251)
C:\Users\denis\source\repos\dz21.22.23\Computer.h(15,16): warning C4566: символ, представленный универсальным именем символа "\u00EC", невозможно представить в текущей кодовой странице (1251)
C:\Users\denis\source\repos\dz21.22.23\Computer.h(15,16): warning C4566: символ, представленный универсальным именем символа "\u00EF", невозможно представить в текущей кодовой странице (1251)
C:\Users\denis\source\repos\dz21.22.23\Computer.h(15,16): warning C4566: символ, представленный универсальным именем символа "\u00E8", невозможно представить в текущей кодовой странице (1251)
C:\Users\denis\source\repos\dz21.22.23\Computer.h(15,16): warning C4566: символ, представленный универсальным именем символа "\u00F2", невозможно представить в текущей кодовой странице (1251)
C:\Users\denis\source\repos\dz21.22.23\Computer.h(15,16): warning C4566: символ, представленный универсальным именем символа "\u00E5", невозможно представить в текущей кодовой странице (1251)
C:\Users\denis\source\repos\dz21.22.23\Computer.h(15,16): warning C4566: символ, представленный универсальным именем символа "\u00F0", невозможно представить в текущей кодовой странице (1251)
C:\Users\denis\source\repos\dz21.22.23\Computer.h(15,16): warning C4566: символ, представленный универсальным именем символа "\u00E7", невозможно представить в текущей кодовой странице (1251)
C:\Users\denis\source\repos\dz21.22.23\Computer.h(15,16): warning C4566: символ, представленный универсальным именем символа "\u00E0", невозможно представить в текущей кодовой странице (1251)
C:\Users\denis\source\repos\dz21.22.23\Computer.h(15,16): warning C4566: символ, представленный универсальным именем символа "\u00F3", невозможно представить в текущей кодовой странице (1251)
C:\Users\denis\source\repos\dz21.22.23\Computer.h(15,16): warning C4566: символ, представленный универсальным именем символа "\u00F9", невозможно представить в текущей кодовой странице (1251)
C:\Users\denis\source\repos\dz21.22.23\Computer.h(15,16): warning C4566: символ, представленный универсальным именем символа "\u00ED", невозможно представить в текущей кодовой странице (1251)
  Device.cpp
  dz21.22.23.cpp
C:\Users\denis\source\repos\dz21.22.23\Computer.h(15,16): warning C4566: символ, представленный универсальным именем символа "\u00CA", невозможно представить в текущей кодовой странице (1251)
C:\Users\denis\source\repos\dz21.22.23\Computer.h(15,16): warning C4566: символ, представленный универсальным именем символа "\u00EE", невозможно представить в текущей кодовой странице (1251)
C:\Users\denis\source\repos\dz21.22.23\Computer.h(15,16): warning C4566: символ, представленный универсальным именем символа "\u00EC", невозможно представить в текущей кодовой странице (1251)
C:\Users\denis\source\repos\dz21.22.23\Computer.h(15,16): warning C4566: символ, представленный универсальным именем символа "\u00EF", невозможно представить в текущей кодовой странице (1251)
C:\Users\denis\source\repos\dz21.22.23\Computer.h(15,16): warning C4566: символ, представленный универсальным именем символа "\u00E8", невозможно представить в текущей кодовой странице (1251)
C:\Users\denis\source\repos\dz21.22.23\Computer.h(15,16): warning C4566: символ, представленный универсальным именем символа "\u00F2", невозможно представить в текущей кодовой странице (1251)
C:\Users\denis\source\repos\dz21.22.23\Computer.h(15,16): warning C4566: символ, представленный универсальным именем символа "\u00E5", невозможно представить в текущей кодовой странице (1251)
C:\Users\denis\source\repos\dz21.22.23\Computer.h(15,16): warning C4566: символ, представленный универсальным именем символа "\u00F0", невозможно представить в текущей кодовой странице (1251)
C:\Users\denis\source\repos\dz21.22.23\Computer.h(15,16): warning C4566: символ, представленный универсальным именем символа "\u00E7", невозможно представить в текущей кодовой странице (1251)
C:\Users\denis\source\repos\dz21.22.23\Computer.h(15,16): warning C4566: символ, представленный универсальным именем символа "\u00E0", невозможно представить в текущей кодовой странице (1251)
C:\Users\denis\source\repos\dz21.22.23\Computer.h(15,16): warning C4566: символ, представленный универсальным именем символа "\u00F3", невозможно представить в текущей кодовой странице (1251)
C:\Users\denis\source\repos\dz21.22.23\Computer.h(15,16): warning C4566: символ, представленный универсальным именем символа "\u00F9", невозможно представить в текущей кодовой странице (1251)
C:\Users\denis\source\repos\dz21.22.23\Computer.h(15,16): warning C4566: символ, представленный универсальным именем символа "\u00ED", невозможно представить в текущей кодовой странице (1251)
C:\Users\denis\source\repos\dz21.22.23\Coffemachine.h(12,16): warning C4566: символ, представленный универсальным именем символа "\u00CA", невозможно представить в текущей кодовой странице (1251)
C:\Users\denis\source\repos\dz21.22.23\Coffemachine.h(12,16): warning C4566: символ, представленный универсальным именем символа "\u00EE", невозможно представить в текущей кодовой странице (1251)
C:\Users\denis\source\repos\dz21.22.23\Coffemachine.h(12,16): warning C4566: символ, представленный универсальным именем символа "\u00F4", невозможно представить в текущей кодовой странице (1251)
C:\Users\denis\source\repos\dz21.22.23\Coffemachine.h(12,16): warning C4566: символ, представленный универсальным именем символа "\u00E5", невозможно представить в текущей кодовой странице (1251)
C:\Users\denis\source\repos\dz21.22.23\Coffemachine.h(12,16): warning C4566: символ, представленный универсальным именем символа "\u00EC", невозможно представить в текущей кодовой странице (1251)
C:\Users\denis\source\repos\dz21.22.23\Coffemachine.h(12,16): warning C4566: символ, представленный универсальным именем символа "\u00E0", невозможно представить в текущей кодовой странице (1251)
C:\Users\denis\source\repos\dz21.22.23\Coffemachine.h(12,16): warning C4566: символ, представленный универсальным именем символа "\u00F8", невозможно представить в текущей кодовой странице (1251)
C:\Users\denis\source\repos\dz21.22.23\Coffemachine.h(12,16): warning C4566: символ, представленный универсальным именем символа "\u00E8", невозможно представить в текущей кодовой странице (1251)
C:\Users\denis\source\repos\dz21.22.23\Coffemachine.h(12,16): warning C4566: символ, представленный универсальным именем символа "\u00ED", невозможно представить в текущей кодовой странице (1251)
C:\Users\denis\source\repos\dz21.22.23\Coffemachine.h(12,16): warning C4566: символ, представленный универсальным именем символа "\u00F0", невозможно представить в текущей кодовой странице (1251)
C:\Users\denis\source\repos\dz21.22.23\Coffemachine.h(12,16): warning C4566: символ, представленный универсальным именем символа "\u00E1", невозможно представить в текущей кодовой странице (1251)
C:\Users\denis\source\repos\dz21.22.23\Coffemachine.h(12,16): warning C4566: символ, представленный универсальным именем символа "\u00F2", невозможно представить в текущей кодовой странице (1251)
  Создание кода...
  dz21.22.23.vcxproj -> C:\Users\denis\source\repos\main\Debug\dz21.12.23.exe
